2024-04-05 08:09:26: Spiel Extrem-Drag-Race auf Map 10475 von ultimate erstellt
2024-04-05 08:09:34: ultimate -> Feld(1|3) Vektor(0|0)
2024-04-05 08:09:34: -----------------------------------
2024-04-05 08:11:10: ultimate -> Feld(2|3) Vektor(1|0)
2024-04-05 08:11:10: -----------------------------------
2024-04-05 08:11:11: ultimate -> Feld(4|3) Vektor(2|0)
2024-04-05 08:11:11: -----------------------------------
2024-04-05 08:12:11: ultimate -> Feld(7|3) Vektor(3|0)
2024-04-05 08:12:11: -----------------------------------
2024-04-05 08:12:23: ultimate -> Feld(11|3) Vektor(4|0)
2024-04-05 08:12:23: -----------------------------------
2024-04-05 08:12:36: ultimate -> Feld(16|3) Vektor(5|0)
2024-04-05 08:12:36: -----------------------------------
2024-04-05 08:12:37: ultimate -> Feld(22|3) Vektor(6|0)
2024-04-05 08:12:37: -----------------------------------
2024-04-05 08:12:40: ultimate -> Feld(29|3) Vektor(7|0)
2024-04-05 08:12:40: -----------------------------------
2024-04-05 08:12:45: ultimate -> Feld(37|4) Vektor(8|1)
2024-04-05 08:12:45: -----------------------------------
2024-04-05 08:12:46: ultimate -> Feld(46|4) Vektor(9|0)
2024-04-05 08:12:46: -----------------------------------
2024-04-05 08:12:47: ultimate -> Feld(56|4) Vektor(10|0)
2024-04-05 08:12:47: -----------------------------------
2024-04-05 08:12:48: ultimate -> Feld(67|4) Vektor(11|0)
2024-04-05 08:12:48: -----------------------------------
2024-04-05 08:12:49: ultimate -> Feld(79|4) Vektor(12|0)
2024-04-05 08:12:49: -----------------------------------
2024-04-05 08:12:50: ultimate -> Feld(92|4) Vektor(13|0)
2024-04-05 08:12:50: -----------------------------------
2024-04-05 08:12:51: ultimate -> Feld(106|4) Vektor(14|0)
2024-04-05 08:12:51: -----------------------------------
2024-04-05 08:12:52: ultimate -> Feld(121|4) Vektor(15|0)
2024-04-05 08:12:52: -----------------------------------
2024-04-05 08:12:54: ultimate -> Feld(137|4) Vektor(16|0)
2024-04-05 08:12:54: -----------------------------------
2024-04-05 08:12:55: ultimate -> Feld(154|4) Vektor(17|0)
2024-04-05 08:12:55: -----------------------------------
2024-04-05 08:12:56: ultimate -> Feld(172|5) Vektor(18|1)
2024-04-05 08:12:56: -----------------------------------
2024-04-05 08:13:02: ultimate -> Feld(191|5) Vektor(19|0)
2024-04-05 08:13:02: -----------------------------------
2024-04-05 08:13:08: ultimate -> Feld(211|5) Vektor(20|0)
2024-04-05 08:13:08: -----------------------------------
2024-04-05 08:13:21: ultimate -> Feld(232|4) Vektor(21|-1)
2024-04-05 08:13:21: -----------------------------------
2024-04-05 08:17:55: ultimate -> Feld(254|4) Vektor(22|0)
2024-04-05 08:17:55: -----------------------------------
2024-04-05 08:17:57: ultimate -> Feld(277|4) Vektor(23|0)
2024-04-05 08:17:57: -----------------------------------
2024-04-05 08:17:59: ultimate -> Feld(301|4) Vektor(24|0)
2024-04-05 08:17:59: -----------------------------------
2024-04-05 08:18:01: ultimate -> Feld(326|4) Vektor(25|0)
2024-04-05 08:18:01: -----------------------------------
2024-04-05 08:18:07: ultimate -> Feld(352|4) Vektor(26|0)
2024-04-05 08:18:07: -----------------------------------
2024-04-05 08:18:14: ultimate -> Feld(379|4) Vektor(27|0)
2024-04-05 08:18:14: -----------------------------------
2024-04-05 08:18:27: ultimate -> Feld(407|4) Vektor(28|0)
2024-04-05 08:18:27: -----------------------------------
2024-04-05 08:18:29: ultimate -> Feld(436|4) Vektor(29|0)
2024-04-05 08:18:29: -----------------------------------
2024-04-05 08:18:31: ultimate -> Feld(466|4) Vektor(30|0)
2024-04-05 08:18:31: -----------------------------------
2024-04-05 08:18:34: ultimate -> Feld(497|4) Vektor(31|0)
2024-04-05 08:18:34: -----------------------------------
2024-04-05 08:18:47: ultimate -> Feld(529|4) Vektor(32|0)
2024-04-05 08:18:47: -----------------------------------
2024-04-05 08:19:04: ultimate -> Feld(562|4) Vektor(33|0)
2024-04-05 08:19:04: -----------------------------------
2024-04-05 08:19:29: ultimate -> Feld(596|4) Vektor(34|0)
2024-04-05 08:19:29: -----------------------------------
2024-04-05 08:19:56: ultimate -> Feld(631|4) Vektor(35|0)
2024-04-05 08:19:56: -----------------------------------
2024-04-05 10:20:53: ultimate -> Feld(667|4) Vektor(36|0)
2024-04-05 10:20:53: -----------------------------------
2024-04-05 10:21:16: ultimate -> Feld(704|5) Vektor(37|1)
2024-04-05 10:21:16: -----------------------------------
2024-04-05 10:22:15: ultimate -> Feld(742|5) Vektor(38|0)
2024-04-05 10:22:15: -----------------------------------
2024-04-05 10:23:15: ultimate -> Feld(781|5) Vektor(39|0)
2024-04-05 10:23:15: -----------------------------------
2024-04-05 10:24:21: ultimate -> Feld(821|5) Vektor(40|0)
2024-04-05 10:24:21: -----------------------------------
2024-04-05 10:25:22: ultimate -> Feld(862|5) Vektor(41|0)
2024-04-05 10:25:22: -----------------------------------
2024-04-05 10:26:20: ultimate -> Feld(904|5) Vektor(42|0)
2024-04-05 10:26:20: -----------------------------------
2024-04-05 10:27:21: ultimate -> Feld(947|4) Vektor(43|-1)
2024-04-05 10:27:21: -----------------------------------
2024-04-05 10:28:13: ultimate -> Feld(990|4) Vektor(43|0)
2024-04-05 10:28:13: -----------------------------------
2024-04-05 10:29:20: ultimate -> Feld(1033|4) Vektor(43|0)
2024-04-05 10:29:20: -----------------------------------
2024-04-05 10:30:21: ultimate -> Feld(1076|4) Vektor(43|0)
2024-04-05 10:30:21: -----------------------------------
2024-04-05 10:31:22: ultimate -> Feld(1119|4) Vektor(43|0)
2024-04-05 10:31:22: -----------------------------------
2024-04-05 10:32:21: ultimate -> Feld(1162|5) Vektor(43|1)
2024-04-05 10:32:21: -----------------------------------
2024-04-05 10:33:15: ultimate -> Feld(1205|5) Vektor(43|0)
2024-04-05 10:33:15: -----------------------------------
2024-04-05 10:34:22: ultimate -> Feld(1249|5) Vektor(44|0)
2024-04-05 10:34:22: -----------------------------------
2024-04-05 10:35:20: ultimate -> Feld(1294|5) Vektor(45|0)
2024-04-05 10:35:20: -----------------------------------
2024-04-05 10:36:21: ultimate -> Feld(1339|4) Vektor(45|-1)
2024-04-05 10:36:21: -----------------------------------
2024-04-05 10:37:22: ultimate -> Feld(1385|3) Vektor(46|-1)
2024-04-05 10:37:22: -----------------------------------
2024-04-05 10:38:18: ultimate -> Feld(1432|2) Vektor(47|-1)
2024-04-05 10:38:18: -----------------------------------
2024-04-05 10:39:20: ultimate -> Feld(1480|1) Vektor(48|-1)
2024-04-05 10:39:20: -----------------------------------
2024-04-05 10:40:16: ultimate -> Feld(1529|1) Vektor(49|0)
2024-04-05 10:40:16: -----------------------------------
2024-04-05 10:41:20: ultimate -> Feld(1579|1) Vektor(50|0)
2024-04-05 10:41:20: -----------------------------------
2024-04-05 15:01:45: ultimate -> Feld(1630|1) Vektor(51|0)
2024-04-05 15:01:45: -----------------------------------
2024-04-05 15:02:15: ultimate -> Feld(1681|1) Vektor(51|0)
2024-04-05 15:02:15: -----------------------------------
2024-04-05 15:03:15: ultimate -> Feld(1732|1) Vektor(51|0)
2024-04-05 15:03:15: -----------------------------------
2024-04-05 15:04:16: ultimate -> Feld(1783|2) Vektor(51|1)
2024-04-05 15:04:16: -----------------------------------
2024-04-05 15:05:14: ultimate -> Feld(1834|2) Vektor(51|0)
2024-04-05 15:05:14: -----------------------------------
2024-04-05 15:06:16: ultimate -> Feld(1885|1) Vektor(51|-1)
2024-04-05 15:06:16: -----------------------------------
2024-04-05 15:07:17: ultimate -> Feld(1936|1) Vektor(51|0)
2024-04-05 15:07:17: -----------------------------------
2024-04-05 15:08:14: ultimate -> Feld(1987|1) Vektor(51|0)
2024-04-05 15:08:14: -----------------------------------
2024-04-05 15:09:15: ultimate -> Feld(2038|1) Vektor(51|0)
2024-04-05 15:09:15: -----------------------------------
2024-04-05 15:10:15: ultimate -> Feld(2089|2) Vektor(51|1)
2024-04-05 15:10:15: -----------------------------------
2024-04-05 15:11:14: ultimate -> Feld(2141|2) Vektor(52|0)
2024-04-05 15:11:14: -----------------------------------
2024-04-05 15:12:15: ultimate -> Feld(2194|2) Vektor(53|0)
2024-04-05 15:12:15: -----------------------------------
2024-04-05 15:13:15: ultimate -> Feld(2248|1) Vektor(54|-1)
2024-04-05 15:13:15: -----------------------------------
2024-04-05 15:14:14: ultimate -> Feld(2303|1) Vektor(55|0)
2024-04-05 15:14:14: -----------------------------------
2024-04-05 15:15:16: ultimate -> Feld(2359|1) Vektor(56|0)
2024-04-05 15:15:16: -----------------------------------
2024-04-05 15:16:17: ultimate -> Feld(2416|1) Vektor(57|0)
2024-04-05 15:16:17: -----------------------------------
2024-04-05 15:17:14: ultimate -> Feld(2474|1) Vektor(58|0)
2024-04-05 15:17:14: -----------------------------------
2024-04-05 15:18:15: ultimate -> Feld(2533|2) Vektor(59|1)
2024-04-05 15:18:15: -----------------------------------
2024-04-05 15:19:15: ultimate -> Feld(2593|2) Vektor(60|0)
2024-04-05 15:19:15: -----------------------------------
2024-04-05 15:20:13: ultimate -> Feld(2654|3) Vektor(61|1)
2024-04-05 15:20:13: -----------------------------------
2024-04-05 16:19:19: ultimate -> Feld(2715|3) Vektor(61|0)
2024-04-05 16:19:19: -----------------------------------
2024-04-05 16:20:15: ultimate -> Feld(2777|4) Vektor(62|1)
2024-04-05 16:20:15: -----------------------------------
2024-04-05 16:21:16: ultimate -> Feld(2840|4) Vektor(63|0)
2024-04-05 16:21:16: -----------------------------------
2024-04-05 16:22:16: ultimate -> Feld(2904|4) Vektor(64|0)
2024-04-05 16:22:16: -----------------------------------
2024-04-05 16:23:15: ultimate -> Feld(2969|3) Vektor(65|-1)
2024-04-05 16:23:15: -----------------------------------
2024-04-05 16:24:18: ultimate -> Feld(3035|3) Vektor(66|0)
2024-04-05 16:24:18: -----------------------------------
2024-04-05 16:24:24: ultimate -> Feld(3101|3) Vektor(66|0)
2024-04-05 16:24:24: -----------------------------------
2024-04-05 16:24:26: ultimate -> Feld(3168|2) Vektor(67|-1)
2024-04-05 16:24:26: -----------------------------------
2024-04-05 16:24:28: ultimate -> Feld(3236|2) Vektor(68|0)
2024-04-05 16:24:28: -----------------------------------
2024-04-05 16:24:31: ultimate -> Feld(3305|3) Vektor(69|1)
2024-04-05 16:24:31: -----------------------------------
2024-04-05 16:24:33: ultimate -> Feld(3375|3) Vektor(70|0)
2024-04-05 16:24:33: -----------------------------------
2024-04-05 16:24:36: ultimate -> Feld(3446|2) Vektor(71|-1)
2024-04-05 16:24:36: -----------------------------------
2024-04-05 16:24:39: ultimate -> Feld(3518|2) Vektor(72|0)
2024-04-05 16:24:39: -----------------------------------
2024-04-05 16:24:42: ultimate -> Feld(3591|2) Vektor(73|0)
2024-04-05 16:24:42: -----------------------------------
2024-04-05 16:27:44: ultimate -> Feld(3665|1) Vektor(74|-1)
2024-04-05 16:27:44: -----------------------------------
2024-04-05 16:27:53: ultimate -> Feld(3740|1) Vektor(75|0)
2024-04-05 16:27:53: -----------------------------------
2024-04-05 16:27:56: ultimate -> Feld(3816|1) Vektor(76|0)
2024-04-05 16:27:56: -----------------------------------
2024-04-05 16:27:57: ultimate -> Feld(3893|1) Vektor(77|0)
2024-04-05 16:27:57: -----------------------------------
2024-04-05 16:27:59: ultimate -> Feld(3971|1) Vektor(78|0)
2024-04-05 16:27:59: -----------------------------------
2024-04-05 16:28:01: ultimate -> Feld(4050|1) Vektor(79|0)
2024-04-05 16:28:01: -----------------------------------
2024-04-05 16:28:02: ultimate -> Feld(4130|1) Vektor(80|0)
2024-04-05 16:28:02: -----------------------------------
2024-04-05 16:28:04: ultimate -> Feld(4211|2) Vektor(81|1)
2024-04-05 16:28:04: -----------------------------------
2024-04-05 16:28:05: ultimate -> Feld(4292|3) Vektor(81|1)
2024-04-05 16:28:05: -----------------------------------
2024-04-05 16:28:07: ultimate -> Feld(4373|3) Vektor(81|0)
2024-04-05 16:28:07: -----------------------------------
2024-04-05 16:28:08: ultimate -> Feld(4454|3) Vektor(81|0)
2024-04-05 16:28:08: -----------------------------------
2024-04-05 16:28:10: ultimate -> Feld(4535|3) Vektor(81|0)
2024-04-05 16:28:10: -----------------------------------
2024-04-05 16:28:11: ultimate -> Feld(4617|3) Vektor(82|0)
2024-04-05 16:28:11: -----------------------------------
2024-04-05 16:28:13: ultimate -> Feld(4699|3) Vektor(82|0)
2024-04-05 16:28:13: -----------------------------------
2024-04-05 16:28:14: ultimate -> Feld(4782|4) Vektor(83|1)
2024-04-05 16:28:14: -----------------------------------
2024-04-05 16:28:26: ultimate -> Feld(4866|4) Vektor(84|0)
2024-04-05 16:28:26: -----------------------------------
2024-04-05 16:33:44: ultimate -> Feld(4951|3) Vektor(85|-1)
2024-04-05 16:33:45: ultimate wird 1.
2024-04-05 16:33:45: Spiel beendet
